<?xml version="1.0" encoding="UTF-8"?>
<!-- Generated by org.testng.reporters.JUnitReportReporter -->
<testsuite hostname="DESKTOP-G74HI41" failures="0" tests="1" name="com.nexsoft.cicool.TestLoginUser" time="2.321" errors="0" timestamp="2022-06-15T12:00:23 WIB" skipped="0">
  <testcase classname="com.nexsoft.cicool.TestLoginUser" name="testLogin" time="2.321"/>
  <system-out/>
</testsuite> <!-- com.nexsoft.cicool.TestLoginUser -->
