<?xml version="1.0" encoding="UTF-8"?>
<!-- Generated by org.testng.reporters.JUnitReportReporter -->
<testsuite hostname="DESKTOP-G74HI41" failures="0" tests="1" name="com.nexsoft.cicool.TestLoginUser" time="1.548" errors="0" timestamp="2022-06-15T10:19:37 WIB" skipped="0">
  <testcase classname="com.nexsoft.cicool.TestLoginUser" name="testLogin" time="1.548"/>
  <system-out/>
</testsuite> <!-- com.nexsoft.cicool.TestLoginUser -->
