<?xml version="1.0" encoding="UTF-8"?>
<!-- Generated by org.testng.reporters.JUnitReportReporter -->
<testsuite hostname="DESKTOP-G74HI41" failures="0" tests="2" name="com.nexsoft.cicool.TestLoginUser" time="3.347" errors="0" timestamp="2022-06-15T15:59:27 WIB" skipped="0">
  <testcase classname="com.nexsoft.cicool.TestLoginUser" name="testLoginWithValidUserAndPassword" time="1.791"/>
  <system-out/>
  <testcase classname="com.nexsoft.cicool.TestLoginUser" name="testLoginWithValidUserAndWrongPassword" time="1.556"/>
  <system-out/>
</testsuite> <!-- com.nexsoft.cicool.TestLoginUser -->
